{"/Volumes/Ugreen Hub/Mac Externo/Dev/Frontend/Cursos/DevTalles/React/React con JS de 0 a experto (Hooks y MERN)/03-firsts-steps/src/FirstStepsApp.tsx": {"path":"/Volumes/Ugreen Hub/Mac Externo/Dev/Frontend/Cursos/DevTalles/React/React con JS de 0 a experto (Hooks y MERN)/03-firsts-steps/src/FirstStepsApp.tsx","all":false,"statementMap":{"0":{"start":{"line":1,"column":0},"end":{"line":1,"column":58}},"7":{"start":{"line":8,"column":0},"end":{"line":8,"column":33}},"8":{"start":{"line":9,"column":0},"end":{"line":9,"column":52}},"9":{"start":{"line":10,"column":0},"end":{"line":10,"column":49}},"10":{"start":{"line":11,"column":0},"end":{"line":11,"column":45}},"11":{"start":{"line":12,"column":0},"end":{"line":12,"column":2}},"13":{"start":{"line":14,"column":0},"end":{"line":14,"column":33}},"14":{"start":{"line":15,"column":0},"end":{"line":15,"column":10}},"15":{"start":{"line":16,"column":0},"end":{"line":16,"column":6}},"16":{"start":{"line":17,"column":0},"end":{"line":17,"column":33}},"17":{"start":{"line":18,"column":0},"end":{"line":18,"column":53}},"18":{"start":{"line":19,"column":0},"end":{"line":19,"column":20}},"19":{"start":{"line":20,"column":0},"end":{"line":20,"column":27}},"20":{"start":{"line":21,"column":0},"end":{"line":21,"column":35}},"21":{"start":{"line":22,"column":0},"end":{"line":22,"column":29}},"30":{"start":{"line":31,"column":0},"end":{"line":31,"column":1}}},"s":{"0":1,"7":1,"8":1,"9":1,"10":1,"11":1,"13":1,"14":3,"15":3,"16":3,"17":3,"18":3,"19":3,"20":3,"21":3,"30":3},"branchMap":{"0":{"type":"branch","line":14,"loc":{"start":{"line":14,"column":7},"end":{"line":31,"column":1}},"locations":[{"start":{"line":14,"column":7},"end":{"line":31,"column":1}}]}},"b":{"0":[3]},"fnMap":{"0":{"name":"FirstStepsApp","decl":{"start":{"line":14,"column":7},"end":{"line":31,"column":1}},"loc":{"start":{"line":14,"column":7},"end":{"line":31,"column":1}},"line":14}},"f":{"0":3}}
,"/Volumes/Ugreen Hub/Mac Externo/Dev/Frontend/Cursos/DevTalles/React/React con JS de 0 a experto (Hooks y MERN)/03-firsts-steps/src/MyAwesomeApp.tsx": {"path":"/Volumes/Ugreen Hub/Mac Externo/Dev/Frontend/Cursos/DevTalles/React/React con JS de 0 a experto (Hooks y MERN)/03-firsts-steps/src/MyAwesomeApp.tsx","all":false,"statementMap":{"2":{"start":{"line":3,"column":0},"end":{"line":3,"column":33}},"3":{"start":{"line":4,"column":0},"end":{"line":4,"column":29}},"4":{"start":{"line":5,"column":0},"end":{"line":5,"column":19}},"5":{"start":{"line":6,"column":0},"end":{"line":6,"column":14}},"6":{"start":{"line":7,"column":0},"end":{"line":7,"column":2}},"8":{"start":{"line":9,"column":0},"end":{"line":9,"column":32}},"9":{"start":{"line":10,"column":0},"end":{"line":10,"column":10}},"10":{"start":{"line":11,"column":0},"end":{"line":11,"column":9}},"11":{"start":{"line":12,"column":0},"end":{"line":12,"column":42}},"12":{"start":{"line":13,"column":0},"end":{"line":13,"column":38}},"13":{"start":{"line":14,"column":0},"end":{"line":14,"column":48}},"16":{"start":{"line":17,"column":0},"end":{"line":17,"column":1}}},"s":{"2":1,"3":1,"4":1,"5":1,"6":1,"8":1,"9":3,"10":3,"11":3,"12":3,"13":3,"16":3},"branchMap":{"0":{"type":"branch","line":9,"loc":{"start":{"line":9,"column":7},"end":{"line":17,"column":1}},"locations":[{"start":{"line":9,"column":7},"end":{"line":17,"column":1}}]}},"b":{"0":[3]},"fnMap":{"0":{"name":"MyAwesomeApp","decl":{"start":{"line":9,"column":7},"end":{"line":17,"column":1}},"loc":{"start":{"line":9,"column":7},"end":{"line":17,"column":1}},"line":9}},"f":{"0":3}}
,"/Volumes/Ugreen Hub/Mac Externo/Dev/Frontend/Cursos/DevTalles/React/React con JS de 0 a experto (Hooks y MERN)/03-firsts-steps/src/main.tsx": {"path":"/Volumes/Ugreen Hub/Mac Externo/Dev/Frontend/Cursos/DevTalles/React/React con JS de 0 a experto (Hooks y MERN)/03-firsts-steps/src/main.tsx","all":true,"statementMap":{"0":{"start":{"line":1,"column":0},"end":{"line":1,"column":35}},"1":{"start":{"line":2,"column":0},"end":{"line":2,"column":46}},"2":{"start":{"line":3,"column":0},"end":{"line":3,"column":48}},"3":{"start":{"line":4,"column":0},"end":{"line":4,"column":49}},"4":{"start":{"line":5,"column":0},"end":{"line":5,"column":0}},"5":{"start":{"line":6,"column":0},"end":{"line":6,"column":52}},"6":{"start":{"line":7,"column":0},"end":{"line":7,"column":14}},"7":{"start":{"line":8,"column":0},"end":{"line":8,"column":21}},"8":{"start":{"line":9,"column":0},"end":{"line":9,"column":28}},"9":{"start":{"line":10,"column":0},"end":{"line":10,"column":15}},"10":{"start":{"line":11,"column":0},"end":{"line":11,"column":2}}},"s":{"0":0,"1":0,"2":0,"3":0,"4":0,"5":0,"6":0,"7":0,"8":0,"9":0,"10":0},"branchMap":{"0":{"type":"branch","line":1,"loc":{"start":{"line":1,"column":0},"end":{"line":11,"column":2}},"locations":[{"start":{"line":1,"column":0},"end":{"line":11,"column":2}}]}},"b":{"0":[0]},"fnMap":{"0":{"name":"(empty-report)","decl":{"start":{"line":1,"column":0},"end":{"line":11,"column":2}},"loc":{"start":{"line":1,"column":0},"end":{"line":11,"column":2}},"line":1}},"f":{"0":0}}
,"/Volumes/Ugreen Hub/Mac Externo/Dev/Frontend/Cursos/DevTalles/React/React con JS de 0 a experto (Hooks y MERN)/03-firsts-steps/src/helpers/math.helper.ts": {"path":"/Volumes/Ugreen Hub/Mac Externo/Dev/Frontend/Cursos/DevTalles/React/React con JS de 0 a experto (Hooks y MERN)/03-firsts-steps/src/helpers/math.helper.ts","all":false,"statementMap":{"0":{"start":{"line":1,"column":0},"end":{"line":1,"column":46}},"1":{"start":{"line":2,"column":0},"end":{"line":2,"column":15}},"2":{"start":{"line":3,"column":0},"end":{"line":3,"column":2}},"4":{"start":{"line":5,"column":0},"end":{"line":5,"column":51}},"5":{"start":{"line":6,"column":0},"end":{"line":6,"column":15}},"6":{"start":{"line":7,"column":0},"end":{"line":7,"column":2}},"8":{"start":{"line":9,"column":0},"end":{"line":9,"column":51}},"9":{"start":{"line":10,"column":0},"end":{"line":10,"column":15}},"10":{"start":{"line":11,"column":0},"end":{"line":11,"column":2}},"12":{"start":{"line":13,"column":0},"end":{"line":13,"column":49}},"13":{"start":{"line":14,"column":0},"end":{"line":14,"column":15}},"14":{"start":{"line":15,"column":0},"end":{"line":15,"column":2}}},"s":{"0":1,"1":2,"2":2,"4":1,"5":2,"6":2,"8":1,"9":2,"10":2,"12":1,"13":1,"14":1},"branchMap":{"0":{"type":"branch","line":1,"loc":{"start":{"line":1,"column":19},"end":{"line":3,"column":2}},"locations":[{"start":{"line":1,"column":19},"end":{"line":3,"column":2}}]},"1":{"type":"branch","line":5,"loc":{"start":{"line":5,"column":24},"end":{"line":7,"column":2}},"locations":[{"start":{"line":5,"column":24},"end":{"line":7,"column":2}}]},"2":{"type":"branch","line":9,"loc":{"start":{"line":9,"column":24},"end":{"line":11,"column":2}},"locations":[{"start":{"line":9,"column":24},"end":{"line":11,"column":2}}]},"3":{"type":"branch","line":13,"loc":{"start":{"line":13,"column":22},"end":{"line":15,"column":2}},"locations":[{"start":{"line":13,"column":22},"end":{"line":15,"column":2}}]}},"b":{"0":[2],"1":[2],"2":[2],"3":[1]},"fnMap":{"0":{"name":"add","decl":{"start":{"line":1,"column":19},"end":{"line":3,"column":2}},"loc":{"start":{"line":1,"column":19},"end":{"line":3,"column":2}},"line":1},"1":{"name":"subtract","decl":{"start":{"line":5,"column":24},"end":{"line":7,"column":2}},"loc":{"start":{"line":5,"column":24},"end":{"line":7,"column":2}},"line":5},"2":{"name":"multiply","decl":{"start":{"line":9,"column":24},"end":{"line":11,"column":2}},"loc":{"start":{"line":9,"column":24},"end":{"line":11,"column":2}},"line":9},"3":{"name":"divide","decl":{"start":{"line":13,"column":22},"end":{"line":15,"column":2}},"loc":{"start":{"line":13,"column":22},"end":{"line":15,"column":2}},"line":13}},"f":{"0":2,"1":2,"2":2,"3":1}}
,"/Volumes/Ugreen Hub/Mac Externo/Dev/Frontend/Cursos/DevTalles/React/React con JS de 0 a experto (Hooks y MERN)/03-firsts-steps/src/shopping-cart/ItemCounter.tsx": {"path":"/Volumes/Ugreen Hub/Mac Externo/Dev/Frontend/Cursos/DevTalles/React/React con JS de 0 a experto (Hooks y MERN)/03-firsts-steps/src/shopping-cart/ItemCounter.tsx","all":false,"statementMap":{"0":{"start":{"line":1,"column":0},"end":{"line":1,"column":33}},"2":{"start":{"line":3,"column":0},"end":{"line":3,"column":27}},"9":{"start":{"line":10,"column":0},"end":{"line":10,"column":70}},"10":{"start":{"line":11,"column":0},"end":{"line":11,"column":47}},"12":{"start":{"line":13,"column":0},"end":{"line":13,"column":27}},"13":{"start":{"line":14,"column":0},"end":{"line":14,"column":24}},"14":{"start":{"line":15,"column":0},"end":{"line":15,"column":4}},"15":{"start":{"line":16,"column":0},"end":{"line":16,"column":32}},"16":{"start":{"line":17,"column":0},"end":{"line":17,"column":42}},"17":{"start":{"line":18,"column":0},"end":{"line":18,"column":4}},"19":{"start":{"line":20,"column":0},"end":{"line":20,"column":10}},"20":{"start":{"line":21,"column":0},"end":{"line":21,"column":34}},"21":{"start":{"line":22,"column":0},"end":{"line":22,"column":11}},"22":{"start":{"line":23,"column":0},"end":{"line":23,"column":29}},"23":{"start":{"line":24,"column":0},"end":{"line":24,"column":56}},"25":{"start":{"line":26,"column":0},"end":{"line":26,"column":21}},"27":{"start":{"line":28,"column":0},"end":{"line":28,"column":45}},"28":{"start":{"line":29,"column":0},"end":{"line":29,"column":26}},"29":{"start":{"line":30,"column":0},"end":{"line":30,"column":50}},"32":{"start":{"line":33,"column":0},"end":{"line":33,"column":2}}},"s":{"0":1,"2":1,"9":1,"10":9,"12":9,"13":1,"14":1,"15":9,"16":2,"17":2,"19":9,"20":9,"21":9,"22":9,"23":9,"25":9,"27":9,"28":9,"29":9,"32":9},"branchMap":{"0":{"type":"branch","line":10,"loc":{"start":{"line":10,"column":27},"end":{"line":33,"column":2}},"locations":[{"start":{"line":10,"column":27},"end":{"line":33,"column":2}}]},"1":{"type":"branch","line":24,"loc":{"start":{"line":24,"column":34},"end":{"line":24,"column":46}},"locations":[{"start":{"line":24,"column":34},"end":{"line":24,"column":46}}]},"2":{"type":"branch","line":24,"loc":{"start":{"line":24,"column":38},"end":{"line":24,"column":54}},"locations":[{"start":{"line":24,"column":38},"end":{"line":24,"column":54}}]},"3":{"type":"branch","line":13,"loc":{"start":{"line":13,"column":20},"end":{"line":15,"column":4}},"locations":[{"start":{"line":13,"column":20},"end":{"line":15,"column":4}}]},"4":{"type":"branch","line":16,"loc":{"start":{"line":16,"column":25},"end":{"line":18,"column":4}},"locations":[{"start":{"line":16,"column":25},"end":{"line":18,"column":4}}]},"5":{"type":"branch","line":17,"loc":{"start":{"line":17,"column":14},"end":{"line":17,"column":22}},"locations":[{"start":{"line":17,"column":14},"end":{"line":17,"column":22}}]},"6":{"type":"branch","line":17,"loc":{"start":{"line":17,"column":18},"end":{"line":17,"column":42}},"locations":[{"start":{"line":17,"column":18},"end":{"line":17,"column":42}}]}},"b":{"0":[9],"1":[4],"2":[5],"3":[1],"4":[2],"5":[1],"6":[1]},"fnMap":{"0":{"name":"ItemCounter","decl":{"start":{"line":10,"column":27},"end":{"line":33,"column":2}},"loc":{"start":{"line":10,"column":27},"end":{"line":33,"column":2}},"line":10},"1":{"name":"handleAdd","decl":{"start":{"line":13,"column":20},"end":{"line":15,"column":4}},"loc":{"start":{"line":13,"column":20},"end":{"line":15,"column":4}},"line":13},"2":{"name":"handleSubtract","decl":{"start":{"line":16,"column":25},"end":{"line":18,"column":4}},"loc":{"start":{"line":16,"column":25},"end":{"line":18,"column":4}},"line":16}},"f":{"0":9,"1":1,"2":2}}
}
